Determining if the pthread_create exist failed with the following output:
Change Dir: /str/users/xuyy/charles/caffe-mt/CMakeFiles/CMakeTmp

Run Build Command:"/usr/bin/gmake" "cmTryCompileExec534305741/fast"
/usr/bin/gmake -f CMakeFiles/cmTryCompileExec534305741.dir/build.make CMakeFiles/cmTryCompileExec534305741.dir/build
gmake[1]: Entering directory `/str/users/xuyy/charles/caffe-mt/CMakeFiles/CMakeTmp'
/str/users/xuyy/local/bin/cmake -E cmake_progress_report /str/users/xuyy/charles/caffe-mt/CMakeFiles/CMakeTmp/CMakeFiles 1
Building C object CMakeFiles/cmTryCompileExec534305741.dir/CheckSymbolExists.c.o
/usr/bin/cc    -o CMakeFiles/cmTryCompileExec534305741.dir/CheckSymbolExists.c.o   -c /str/users/xuyy/charles/caffe-mt/CMakeFiles/CMakeTmp/CheckSymbolExists.c
Linking C executable cmTryCompileExec534305741
/str/users/xuyy/local/bin/cmake -E cmake_link_script CMakeFiles/cmTryCompileExec534305741.dir/link.txt --verbose=1
/usr/bin/cc       CMakeFiles/cmTryCompileExec534305741.dir/CheckSymbolExists.c.o  -o cmTryCompileExec534305741 -rdynamic 
CMakeFiles/cmTryCompileExec534305741.dir/CheckSymbolExists.c.o: In function `main':
CheckSymbolExists.c:(.text+0x16): undefined reference to `pthread_create'
collect2: error: ld returned 1 exit status
gmake[1]: Leaving directory `/str/users/xuyy/charles/caffe-mt/CMakeFiles/CMakeTmp'
gmake[1]: *** [cmTryCompileExec534305741] Error 1
gmake: *** [cmTryCompileExec534305741/fast] Error 2

File /str/users/xuyy/charles/caffe-mt/CMakeFiles/CMakeTmp/CheckSymbolExists.c:
/* */
#include <pthread.h>

int main(int argc, char** argv)
{
  (void)argv;
#ifndef pthread_create
  return ((int*)(&pthread_create))[argc];
#else
  (void)argc;
  return 0;
#endif
}

Determining if the function pthread_create exists in the pthreads failed with the following output:
Change Dir: /str/users/xuyy/charles/caffe-mt/CMakeFiles/CMakeTmp

Run Build Command:"/usr/bin/gmake" "cmTryCompileExec3521245191/fast"
/usr/bin/gmake -f CMakeFiles/cmTryCompileExec3521245191.dir/build.make CMakeFiles/cmTryCompileExec3521245191.dir/build
gmake[1]: Entering directory `/str/users/xuyy/charles/caffe-mt/CMakeFiles/CMakeTmp'
/str/users/xuyy/local/bin/cmake -E cmake_progress_report /str/users/xuyy/charles/caffe-mt/CMakeFiles/CMakeTmp/CMakeFiles 1
Building C object CMakeFiles/cmTryCompileExec3521245191.dir/CheckFunctionExists.c.o
/usr/bin/cc   -DCHECK_FUNCTION_EXISTS=pthread_create   -o CMakeFiles/cmTryCompileExec3521245191.dir/CheckFunctionExists.c.o   -c /str/users/xuyy/local/share/cmake-3.2/Modules/CheckFunctionExists.c
Linking C executable cmTryCompileExec3521245191
/str/users/xuyy/local/bin/cmake -E cmake_link_script CMakeFiles/cmTryCompileExec3521245191.dir/link.txt --verbose=1
/usr/bin/cc   -DCHECK_FUNCTION_EXISTS=pthread_create    CMakeFiles/cmTryCompileExec3521245191.dir/CheckFunctionExists.c.o  -o cmTryCompileExec3521245191 -rdynamic -lpthreads 
/usr/bin/ld: cannot find -lpthreads
collect2: error: ld returned 1 exit status
gmake[1]: *** [cmTryCompileExec3521245191] Error 1
gmake[1]: Leaving directory `/str/users/xuyy/charles/caffe-mt/CMakeFiles/CMakeTmp'
gmake: *** [cmTryCompileExec3521245191/fast] Error 2


